<?xml version="1.0" encoding="UTF-8"?>
<testng-results skipped="0" failed="0" ignored="0" total="1" passed="1">
  <reporter-output>
  </reporter-output>
  <suite name="Suite" duration-ms="8486" started-at="2019-10-21T12:32:06 IST" finished-at="2019-10-21T12:32:15 IST">
    <groups>
    </groups>
    <test name="Test" duration-ms="8486" started-at="2019-10-21T12:32:06 IST" finished-at="2019-10-21T12:32:15 IST">
      <class name="testNGSample1.NewTest">
        <test-method status="PASS" signature="beforeTest()[pri:0, instance:testNGSample1.NewTest@7d0587f1]" name="beforeTest" is-config="true" duration-ms="3133" started-at="2019-10-21T12:32:06 IST" finished-at="2019-10-21T12:32:09 IST">
          <reporter-output>
          </reporter-output>
        </test-method> <!-- beforeTest -->
        <test-method status="PASS" signature="testEasy()[pri:0, instance:testNGSample1.NewTest@7d0587f1]" name="testEasy" duration-ms="2724" started-at="2019-10-21T12:32:09 IST" finished-at="2019-10-21T12:32:12 IST">
          <reporter-output>
          </reporter-output>
        </test-method> <!-- testEasy -->
        <test-method status="PASS" signature="afterTest()[pri:0, instance:testNGSample1.NewTest@7d0587f1]" name="afterTest" is-config="true" duration-ms="2608" started-at="2019-10-21T12:32:12 IST" finished-at="2019-10-21T12:32:15 IST">
          <reporter-output>
          </reporter-output>
        </test-method> <!-- afterTest -->
      </class> <!-- testNGSample1.NewTest -->
    </test> <!-- Test -->
  </suite> <!-- Suite -->
</testng-results>
