<?xml version="1.0" encoding="UTF-8"?>
<testng-results skipped="0" failed="0" ignored="0" total="1" passed="1">
  <reporter-output>
  </reporter-output>
  <suite name="Suite" duration-ms="41154" started-at="2019-11-06T14:09:19 IST" finished-at="2019-11-06T14:10:01 IST">
    <groups>
    </groups>
    <test name="Test" duration-ms="41154" started-at="2019-11-06T14:09:19 IST" finished-at="2019-11-06T14:10:01 IST">
      <class name="Testcases.Loginapplication">
        <test-method status="PASS" signature="Login()[pri:0, instance:Testcases.Loginapplication@6536e911]" name="Login" duration-ms="41112" started-at="2019-11-06T14:09:19 IST" finished-at="2019-11-06T14:10:01 IST">
          <reporter-output>
          </reporter-output>
        </test-method> <!-- Login -->
      </class> <!-- Testcases.Loginapplication -->
    </test> <!-- Test -->
  </suite> <!-- Suite -->
</testng-results>
