<?xml version="1.0" encoding="UTF-8"?>
<testng-results skipped="0" failed="0" ignored="0" total="1" passed="1">
  <reporter-output>
  </reporter-output>
  <suite name="Surefire suite" duration-ms="3910" started-at="2019-10-22T14:26:40 IST" finished-at="2019-10-22T14:26:44 IST">
    <groups>
    </groups>
    <test name="Surefire test" duration-ms="3910" started-at="2019-10-22T14:26:40 IST" finished-at="2019-10-22T14:26:44 IST">
      <class name="testNGSample1.NewTest">
        <test-method status="PASS" signature="beforeTest()[pri:0, instance:testNGSample1.NewTest@39c0f4a]" name="beforeTest" is-config="true" duration-ms="1894" started-at="2019-10-22T14:26:40 IST" finished-at="2019-10-22T14:26:42 IST">
          <reporter-output>
          </reporter-output>
        </test-method> <!-- beforeTest -->
        <test-method status="PASS" signature="testEasy()[pri:0, instance:testNGSample1.NewTest@39c0f4a]" name="testEasy" duration-ms="1911" started-at="2019-10-22T14:26:42 IST" finished-at="2019-10-22T14:26:44 IST">
          <reporter-output>
          </reporter-output>
        </test-method> <!-- testEasy -->
        <test-method status="PASS" signature="afterTest()[pri:0, instance:testNGSample1.NewTest@39c0f4a]" name="afterTest" is-config="true" duration-ms="79" started-at="2019-10-22T14:26:44 IST" finished-at="2019-10-22T14:26:44 IST">
          <reporter-output>
          </reporter-output>
        </test-method> <!-- afterTest -->
      </class> <!-- testNGSample1.NewTest -->
    </test> <!-- Surefire test -->
  </suite> <!-- Surefire suite -->
</testng-results>
