<?xml version="1.0" encoding="UTF-8"?>
<testng-results skipped="1" failed="1" ignored="0" total="3" passed="1">
  <reporter-output>
  </reporter-output>
  <suite name="Suite" duration-ms="102" started-at="2019-10-24T15:01:07 IST" finished-at="2019-10-24T15:01:07 IST">
    <groups>
    </groups>
    <test name="Test" duration-ms="102" started-at="2019-10-24T15:01:07 IST" finished-at="2019-10-24T15:01:07 IST">
      <class name="com.test.iTestListnerInterfaceExample1.TestGuru99RealReport">
        <test-method status="PASS" signature="testRealReportOne()[pri:0, instance:com.test.iTestListnerInterfaceExample1.TestGuru99RealReport@1f28c152]" name="testRealReportOne" duration-ms="22" started-at="2019-10-24T15:01:07 IST" finished-at="2019-10-24T15:01:07 IST">
          <reporter-output>
          </reporter-output>
        </test-method> <!-- testRealReportOne -->
        <test-method status="FAIL" signature="testRealReportTwo()[pri:0, instance:com.test.iTestListnerInterfaceExample1.TestGuru99RealReport@1f28c152]" name="testRealReportTwo" duration-ms="1" started-at="2019-10-24T15:01:07 IST" finished-at="2019-10-24T15:01:07 IST">
          <exception class="java.lang.AssertionError">
            <message>
              <![CDATA[did not expect to find [true] but found [false]]]>
            </message>
            <full-stacktrace>
              <![CDATA[java.lang.AssertionError: did not expect to find [true] but found [false]
at org.testng.Assert.fail(Assert.java:97)
at org.testng.Assert.failNotEquals(Assert.java:969)
at org.testng.Assert.assertTrue(Assert.java:43)
at org.testng.Assert.assertTrue(Assert.java:53)
at com.test.iTestListnerInterfaceExample1.TestGuru99RealReport.testRealReportTwo(TestGuru99RealReport.java:27)
at sun.reflect.NativeMethodAccessorImpl.invoke0(Native Method)
at sun.reflect.NativeMethodAccessorImpl.invoke(NativeMethodAccessorImpl.java:62)
at sun.reflect.DelegatingMethodAccessorImpl.invoke(DelegatingMethodAccessorImpl.java:43)
at java.lang.reflect.Method.invoke(Method.java:498)
at org.testng.internal.MethodInvocationHelper.invokeMethod(MethodInvocationHelper.java:133)
at org.testng.internal.TestInvoker.invokeMethod(TestInvoker.java:584)
at org.testng.internal.TestInvoker.invokeTestMethod(TestInvoker.java:172)
at org.testng.internal.MethodRunner.runInSequence(MethodRunner.java:46)
at org.testng.internal.TestInvoker$MethodInvocationAgent.invoke(TestInvoker.java:804)
at org.testng.internal.TestInvoker.invokeTestMethods(TestInvoker.java:145)
at org.testng.internal.TestMethodWorker.invokeTestMethods(TestMethodWorker.java:146)
at org.testng.internal.TestMethodWorker.run(TestMethodWorker.java:128)
at java.util.ArrayList.forEach(ArrayList.java:1257)
at org.testng.TestRunner.privateRun(TestRunner.java:770)
at org.testng.TestRunner.run(TestRunner.java:591)
at org.testng.SuiteRunner.runTest(SuiteRunner.java:402)
at org.testng.SuiteRunner.runSequentially(SuiteRunner.java:396)
at org.testng.SuiteRunner.privateRun(SuiteRunner.java:355)
at org.testng.SuiteRunner.run(SuiteRunner.java:304)
at org.testng.SuiteRunnerWorker.runSuite(SuiteRunnerWorker.java:53)
at org.testng.SuiteRunnerWorker.run(SuiteRunnerWorker.java:96)
at org.testng.TestNG.runSuitesSequentially(TestNG.java:1180)
at org.testng.TestNG.runSuitesLocally(TestNG.java:1102)
at org.testng.TestNG.runSuites(TestNG.java:1032)
at org.testng.TestNG.run(TestNG.java:1000)
at org.testng.remote.AbstractRemoteTestNG.run(AbstractRemoteTestNG.java:115)
at org.testng.remote.RemoteTestNG.initAndRun(RemoteTestNG.java:251)
at org.testng.remote.RemoteTestNG.main(RemoteTestNG.java:77)
]]>
            </full-stacktrace>
          </exception> <!-- java.lang.AssertionError -->
          <reporter-output>
          </reporter-output>
        </test-method> <!-- testRealReportTwo -->
        <test-method status="SKIP" signature="testRealReportThree()[pri:0, instance:com.test.iTestListnerInterfaceExample1.TestGuru99RealReport@1f28c152]" name="testRealReportThree" duration-ms="0" started-at="2019-10-24T15:01:07 IST" depends-on-methods="com.test.iTestListnerInterfaceExample1.TestGuru99RealReport.testRealReportTwo" finished-at="2019-10-24T15:01:07 IST">
          <exception class="java.lang.Throwable">
            <message>
              <![CDATA[Method TestGuru99RealReport.testRealReportThree()[pri:0, instance:com.test.iTestListnerInterfaceExample1.TestGuru99RealReport@1f28c152] depends on not successfully finished methods]]>
            </message>
            <full-stacktrace>
              <![CDATA[java.lang.Throwable: Method TestGuru99RealReport.testRealReportThree()[pri:0, instance:com.test.iTestListnerInterfaceExample1.TestGuru99RealReport@1f28c152] depends on not successfully finished methods
at org.testng.internal.TestInvoker.invokeTestMethods(TestInvoker.java:99)
at org.testng.internal.TestMethodWorker.invokeTestMethods(TestMethodWorker.java:146)
at org.testng.internal.TestMethodWorker.run(TestMethodWorker.java:128)
at java.util.ArrayList.forEach(ArrayList.java:1257)
at org.testng.TestRunner.privateRun(TestRunner.java:770)
at org.testng.TestRunner.run(TestRunner.java:591)
at org.testng.SuiteRunner.runTest(SuiteRunner.java:402)
at org.testng.SuiteRunner.runSequentially(SuiteRunner.java:396)
at org.testng.SuiteRunner.privateRun(SuiteRunner.java:355)
at org.testng.SuiteRunner.run(SuiteRunner.java:304)
at org.testng.SuiteRunnerWorker.runSuite(SuiteRunnerWorker.java:53)
at org.testng.SuiteRunnerWorker.run(SuiteRunnerWorker.java:96)
at org.testng.TestNG.runSuitesSequentially(TestNG.java:1180)
at org.testng.TestNG.runSuitesLocally(TestNG.java:1102)
at org.testng.TestNG.runSuites(TestNG.java:1032)
at org.testng.TestNG.run(TestNG.java:1000)
at org.testng.remote.AbstractRemoteTestNG.run(AbstractRemoteTestNG.java:115)
at org.testng.remote.RemoteTestNG.initAndRun(RemoteTestNG.java:251)
at org.testng.remote.RemoteTestNG.main(RemoteTestNG.java:77)
]]>
            </full-stacktrace>
          </exception> <!-- java.lang.Throwable -->
          <reporter-output>
          </reporter-output>
        </test-method> <!-- testRealReportThree -->
      </class> <!-- com.test.iTestListnerInterfaceExample1.TestGuru99RealReport -->
    </test> <!-- Test -->
  </suite> <!-- Suite -->
</testng-results>
