<?xml version="1.0" encoding="UTF-8"?>
<testng-results skipped="0" failed="0" total="1" passed="1">
  <reporter-output>
  </reporter-output>
  <suite name="Default suite" duration-ms="3945" started-at="2020-01-30T10:55:51Z" finished-at="2020-01-30T10:55:55Z">
    <groups>
    </groups>
    <test name="Default test" duration-ms="3945" started-at="2020-01-30T10:55:51Z" finished-at="2020-01-30T10:55:55Z">
      <class name="TestFramework.RESTAssuredUdemy.basics">
        <test-method status="PASS" signature="getPlaceAPI()" name="getPlaceAPI" duration-ms="3905" started-at="2020-01-30T10:55:51Z" finished-at="2020-01-30T10:55:55Z">
        </test-method>
      </class>
    </test>
  </suite>
</testng-results>
